{"/app/src/App.tsx": {"path":"/app/src/App.tsx","all":true,"statementMap":{"0":{"start":{"line":1,"column":0},"end":{"line":1,"column":41}},"1":{"start":{"line":2,"column":0},"end":{"line":2,"column":50}},"2":{"start":{"line":3,"column":0},"end":{"line":3,"column":42}},"3":{"start":{"line":4,"column":0},"end":{"line":4,"column":47}},"4":{"start":{"line":5,"column":0},"end":{"line":5,"column":58}},"5":{"start":{"line":6,"column":0},"end":{"line":6,"column":44}},"6":{"start":{"line":7,"column":0},"end":{"line":7,"column":38}},"8":{"start":{"line":9,"column":0},"end":{"line":9,"column":16}},"10":{"start":{"line":11,"column":0},"end":{"line":11,"column":10}},"11":{"start":{"line":12,"column":0},"end":{"line":12,"column":6}},"12":{"start":{"line":13,"column":0},"end":{"line":13,"column":21}},"13":{"start":{"line":14,"column":0},"end":{"line":14,"column":49}},"14":{"start":{"line":15,"column":0},"end":{"line":15,"column":12}},"15":{"start":{"line":16,"column":0},"end":{"line":16,"column":21}},"16":{"start":{"line":17,"column":0},"end":{"line":17,"column":34}},"17":{"start":{"line":18,"column":0},"end":{"line":18,"column":20}},"18":{"start":{"line":19,"column":0},"end":{"line":19,"column":20}},"19":{"start":{"line":20,"column":0},"end":{"line":20,"column":25}},"21":{"start":{"line":22,"column":0},"end":{"line":22,"column":12}},"22":{"start":{"line":23,"column":0},"end":{"line":23,"column":21}},"23":{"start":{"line":24,"column":0},"end":{"line":24,"column":34}},"24":{"start":{"line":25,"column":0},"end":{"line":25,"column":20}},"25":{"start":{"line":26,"column":0},"end":{"line":26,"column":23}},"26":{"start":{"line":27,"column":0},"end":{"line":27,"column":25}},"27":{"start":{"line":28,"column":0},"end":{"line":28,"column":12}},"28":{"start":{"line":29,"column":0},"end":{"line":29,"column":48}},"29":{"start":{"line":30,"column":0},"end":{"line":30,"column":31}},"30":{"start":{"line":31,"column":0},"end":{"line":31,"column":21}},"31":{"start":{"line":32,"column":0},"end":{"line":32,"column":25}},"33":{"start":{"line":34,"column":0},"end":{"line":34,"column":50}},"34":{"start":{"line":35,"column":0},"end":{"line":35,"column":68}},"35":{"start":{"line":36,"column":0},"end":{"line":36,"column":64}},"36":{"start":{"line":37,"column":0},"end":{"line":37,"column":7}},"38":{"start":{"line":39,"column":0},"end":{"line":39,"column":1}},"40":{"start":{"line":41,"column":0},"end":{"line":41,"column":18}}},"s":{"0":0,"1":0,"2":0,"3":0,"4":0,"5":0,"6":0,"8":0,"10":0,"11":0,"12":0,"13":0,"14":0,"15":0,"16":0,"17":0,"18":0,"19":0,"21":0,"22":0,"23":0,"24":0,"25":0,"26":0,"27":0,"28":0,"29":0,"30":0,"31":0,"33":0,"34":0,"35":0,"36":0,"38":0,"40":0},"branchMap":{"0":{"type":"branch","line":1,"loc":{"start":{"line":1,"column":1077},"end":{"line":41,"column":18}},"locations":[{"start":{"line":1,"column":1077},"end":{"line":41,"column":18}}]}},"b":{"0":[0]},"fnMap":{"0":{"name":"(empty-report)","decl":{"start":{"line":1,"column":1077},"end":{"line":41,"column":18}},"loc":{"start":{"line":1,"column":1077},"end":{"line":41,"column":18}},"line":1}},"f":{"0":0}}
,"/app/src/main.tsx": {"path":"/app/src/main.tsx","all":true,"statementMap":{"0":{"start":{"line":1,"column":0},"end":{"line":1,"column":34}},"1":{"start":{"line":2,"column":0},"end":{"line":2,"column":45}},"3":{"start":{"line":4,"column":0},"end":{"line":4,"column":27}},"5":{"start":{"line":6,"column":0},"end":{"line":6,"column":52}},"6":{"start":{"line":7,"column":0},"end":{"line":7,"column":14}},"7":{"start":{"line":8,"column":0},"end":{"line":8,"column":11}},"8":{"start":{"line":9,"column":0},"end":{"line":9,"column":16}},"9":{"start":{"line":10,"column":0},"end":{"line":10,"column":1}}},"s":{"0":0,"1":0,"3":0,"5":0,"6":0,"7":0,"8":0,"9":0},"branchMap":{"0":{"type":"branch","line":1,"loc":{"start":{"line":1,"column":183},"end":{"line":10,"column":-174}},"locations":[{"start":{"line":1,"column":183},"end":{"line":10,"column":-174}}]}},"b":{"0":[0]},"fnMap":{"0":{"name":"(empty-report)","decl":{"start":{"line":1,"column":183},"end":{"line":10,"column":-174}},"loc":{"start":{"line":1,"column":183},"end":{"line":10,"column":-174}},"line":1}},"f":{"0":0}}
,"/app/src/components/Button/index.tsx": {"path":"/app/src/components/Button/index.tsx","all":false,"statementMap":{"1":{"start":{"line":2,"column":0},"end":{"line":2,"column":35}},"2":{"start":{"line":3,"column":0},"end":{"line":3,"column":50}},"19":{"start":{"line":20,"column":0},"end":{"line":20,"column":24}},"20":{"start":{"line":21,"column":0},"end":{"line":21,"column":13}},"21":{"start":{"line":22,"column":0},"end":{"line":22,"column":19}},"22":{"start":{"line":23,"column":0},"end":{"line":23,"column":20}},"23":{"start":{"line":24,"column":0},"end":{"line":24,"column":23}},"24":{"start":{"line":25,"column":0},"end":{"line":25,"column":25}},"25":{"start":{"line":26,"column":0},"end":{"line":26,"column":37}},"26":{"start":{"line":27,"column":0},"end":{"line":27,"column":19}},"27":{"start":{"line":28,"column":0},"end":{"line":28,"column":10}},"28":{"start":{"line":29,"column":0},"end":{"line":29,"column":22}},"29":{"start":{"line":30,"column":0},"end":{"line":30,"column":23}},"30":{"start":{"line":31,"column":0},"end":{"line":31,"column":19}},"31":{"start":{"line":32,"column":0},"end":{"line":32,"column":13}},"32":{"start":{"line":33,"column":0},"end":{"line":33,"column":17}},"33":{"start":{"line":34,"column":0},"end":{"line":34,"column":13}},"34":{"start":{"line":35,"column":0},"end":{"line":35,"column":223}},"35":{"start":{"line":36,"column":0},"end":{"line":36,"column":17}},"36":{"start":{"line":37,"column":0},"end":{"line":37,"column":23}},"37":{"start":{"line":38,"column":0},"end":{"line":38,"column":26}},"38":{"start":{"line":39,"column":0},"end":{"line":39,"column":18}},"39":{"start":{"line":40,"column":0},"end":{"line":40,"column":18}},"40":{"start":{"line":41,"column":0},"end":{"line":41,"column":7}},"41":{"start":{"line":42,"column":0},"end":{"line":42,"column":1}}},"s":{"1":1,"2":1,"19":1,"20":4,"21":4,"22":4,"23":4,"24":4,"25":4,"26":4,"27":4,"28":4,"29":4,"30":4,"31":4,"32":4,"33":4,"34":4,"35":4,"36":4,"37":4,"38":4,"39":4,"40":4,"41":4},"branchMap":{"0":{"type":"branch","line":20,"loc":{"start":{"line":20,"column":7},"end":{"line":42,"column":1}},"locations":[{"start":{"line":20,"column":7},"end":{"line":42,"column":1}}]},"1":{"type":"branch","line":35,"loc":{"start":{"line":35,"column":26},"end":{"line":35,"column":45}},"locations":[{"start":{"line":35,"column":26},"end":{"line":35,"column":45}}]}},"b":{"0":[4],"1":[1]},"fnMap":{"0":{"name":"Button","decl":{"start":{"line":20,"column":7},"end":{"line":42,"column":1}},"loc":{"start":{"line":20,"column":7},"end":{"line":42,"column":1}},"line":20},"1":{"name":"onClick","decl":{"start":{"line":35,"column":26},"end":{"line":35,"column":45}},"loc":{"start":{"line":35,"column":26},"end":{"line":35,"column":45}},"line":35}},"f":{"0":4,"1":1}}
,"/app/src/components/Button/styles.ts": {"path":"/app/src/components/Button/styles.ts","all":false,"statementMap":{"0":{"start":{"line":1,"column":0},"end":{"line":1,"column":39}},"1":{"start":{"line":2,"column":0},"end":{"line":2,"column":50}},"12":{"start":{"line":13,"column":0},"end":{"line":13,"column":51}},"13":{"start":{"line":14,"column":0},"end":{"line":14,"column":35}},"14":{"start":{"line":15,"column":0},"end":{"line":15,"column":37}},"15":{"start":{"line":16,"column":0},"end":{"line":16,"column":42}},"16":{"start":{"line":17,"column":0},"end":{"line":17,"column":85}},"22":{"start":{"line":23,"column":0},"end":{"line":23,"column":68}},"23":{"start":{"line":24,"column":0},"end":{"line":24,"column":42}},"24":{"start":{"line":25,"column":0},"end":{"line":25,"column":46}},"25":{"start":{"line":26,"column":0},"end":{"line":26,"column":78}}},"s":{"0":1,"1":1,"12":1,"13":1,"14":1,"15":1,"16":1,"22":1,"23":1,"24":1,"25":1},"branchMap":{"0":{"type":"branch","line":14,"loc":{"start":{"line":14,"column":13},"end":{"line":14,"column":33}},"locations":[{"start":{"line":14,"column":13},"end":{"line":14,"column":33}}]},"1":{"type":"branch","line":15,"loc":{"start":{"line":15,"column":14},"end":{"line":15,"column":35}},"locations":[{"start":{"line":15,"column":14},"end":{"line":15,"column":35}}]},"2":{"type":"branch","line":16,"loc":{"start":{"line":16,"column":17},"end":{"line":16,"column":40}},"locations":[{"start":{"line":16,"column":17},"end":{"line":16,"column":40}}]},"3":{"type":"branch","line":17,"loc":{"start":{"line":17,"column":24},"end":{"line":17,"column":83}},"locations":[{"start":{"line":17,"column":24},"end":{"line":17,"column":83}}]},"4":{"type":"branch","line":17,"loc":{"start":{"line":17,"column":39},"end":{"line":17,"column":62}},"locations":[{"start":{"line":17,"column":39},"end":{"line":17,"column":62}}]},"5":{"type":"branch","line":23,"loc":{"start":{"line":23,"column":13},"end":{"line":23,"column":66}},"locations":[{"start":{"line":23,"column":13},"end":{"line":23,"column":66}}]},"6":{"type":"branch","line":23,"loc":{"start":{"line":23,"column":28},"end":{"line":23,"column":54}},"locations":[{"start":{"line":23,"column":28},"end":{"line":23,"column":54}}]},"7":{"type":"branch","line":24,"loc":{"start":{"line":24,"column":17},"end":{"line":24,"column":40}},"locations":[{"start":{"line":24,"column":17},"end":{"line":24,"column":40}}]},"8":{"type":"branch","line":25,"loc":{"start":{"line":25,"column":19},"end":{"line":25,"column":44}},"locations":[{"start":{"line":25,"column":19},"end":{"line":25,"column":44}}]},"9":{"type":"branch","line":26,"loc":{"start":{"line":26,"column":14},"end":{"line":26,"column":76}},"locations":[{"start":{"line":26,"column":14},"end":{"line":26,"column":76}}]},"10":{"type":"branch","line":26,"loc":{"start":{"line":26,"column":29},"end":{"line":26,"column":70}},"locations":[{"start":{"line":26,"column":29},"end":{"line":26,"column":70}}]}},"b":{"0":[4],"1":[4],"2":[4],"3":[4],"4":[0],"5":[4],"6":[0],"7":[4],"8":[4],"9":[4],"10":[0]},"fnMap":{},"f":{}}
,"/app/src/components/FilmeCard/index.tsx": {"path":"/app/src/components/FilmeCard/index.tsx","all":false,"statementMap":{"0":{"start":{"line":1,"column":0},"end":{"line":1,"column":40}},"2":{"start":{"line":3,"column":0},"end":{"line":3,"column":38}},"4":{"start":{"line":5,"column":0},"end":{"line":5,"column":57}},"5":{"start":{"line":6,"column":0},"end":{"line":6,"column":12}},"6":{"start":{"line":7,"column":0},"end":{"line":7,"column":20}},"7":{"start":{"line":8,"column":0},"end":{"line":8,"column":48}},"8":{"start":{"line":9,"column":0},"end":{"line":9,"column":40}},"9":{"start":{"line":10,"column":0},"end":{"line":10,"column":73}},"10":{"start":{"line":11,"column":0},"end":{"line":11,"column":43}},"11":{"start":{"line":12,"column":0},"end":{"line":12,"column":25}},"12":{"start":{"line":13,"column":0},"end":{"line":13,"column":34}},"13":{"start":{"line":14,"column":0},"end":{"line":14,"column":48}},"14":{"start":{"line":15,"column":0},"end":{"line":15,"column":26}},"15":{"start":{"line":16,"column":0},"end":{"line":16,"column":26}},"16":{"start":{"line":17,"column":0},"end":{"line":17,"column":15}},"17":{"start":{"line":18,"column":0},"end":{"line":18,"column":21}},"19":{"start":{"line":20,"column":0},"end":{"line":20,"column":1}}},"s":{"0":1,"2":1,"4":1,"5":1,"6":1,"7":1,"8":2,"9":2,"10":2,"11":2,"12":2,"13":2,"14":2,"15":2,"16":1,"17":1,"19":1},"branchMap":{"0":{"type":"branch","line":5,"loc":{"start":{"line":5,"column":7},"end":{"line":20,"column":1}},"locations":[{"start":{"line":5,"column":7},"end":{"line":20,"column":1}}]},"1":{"type":"branch","line":8,"loc":{"start":{"line":8,"column":24},"end":{"line":16,"column":26}},"locations":[{"start":{"line":8,"column":24},"end":{"line":16,"column":26}}]}},"b":{"0":[1],"1":[2]},"fnMap":{"0":{"name":"FilmeCard","decl":{"start":{"line":5,"column":7},"end":{"line":20,"column":1}},"loc":{"start":{"line":5,"column":7},"end":{"line":20,"column":1}},"line":5}},"f":{"0":1}}
,"/app/src/components/FilmeCard/styles.ts": {"path":"/app/src/components/FilmeCard/styles.ts","all":false,"statementMap":{"0":{"start":{"line":1,"column":0},"end":{"line":1,"column":42}},"3":{"start":{"line":4,"column":0},"end":{"line":4,"column":41}}},"s":{"0":1,"3":1},"branchMap":{},"b":{},"fnMap":{},"f":{}}
,"/app/src/components/Input/index.tsx": {"path":"/app/src/components/Input/index.tsx","all":false,"statementMap":{"0":{"start":{"line":1,"column":0},"end":{"line":1,"column":48}},"1":{"start":{"line":2,"column":0},"end":{"line":2,"column":50}},"14":{"start":{"line":15,"column":0},"end":{"line":15,"column":23}},"15":{"start":{"line":16,"column":0},"end":{"line":16,"column":9}},"16":{"start":{"line":17,"column":0},"end":{"line":17,"column":16}},"17":{"start":{"line":18,"column":0},"end":{"line":18,"column":9}},"18":{"start":{"line":19,"column":0},"end":{"line":19,"column":10}},"19":{"start":{"line":20,"column":0},"end":{"line":20,"column":15}},"20":{"start":{"line":21,"column":0},"end":{"line":21,"column":19}},"21":{"start":{"line":22,"column":0},"end":{"line":22,"column":18}},"22":{"start":{"line":23,"column":0},"end":{"line":23,"column":20}},"23":{"start":{"line":24,"column":0},"end":{"line":24,"column":16}},"24":{"start":{"line":25,"column":0},"end":{"line":25,"column":42}},"26":{"start":{"line":27,"column":0},"end":{"line":27,"column":66}},"27":{"start":{"line":28,"column":0},"end":{"line":28,"column":32}},"28":{"start":{"line":29,"column":0},"end":{"line":29,"column":5}},"30":{"start":{"line":31,"column":0},"end":{"line":31,"column":13}},"31":{"start":{"line":32,"column":0},"end":{"line":32,"column":39}},"32":{"start":{"line":33,"column":0},"end":{"line":33,"column":57}},"33":{"start":{"line":34,"column":0},"end":{"line":34,"column":17}},"34":{"start":{"line":35,"column":0},"end":{"line":35,"column":178}},"35":{"start":{"line":36,"column":0},"end":{"line":36,"column":25}},"36":{"start":{"line":37,"column":0},"end":{"line":37,"column":22}},"37":{"start":{"line":38,"column":0},"end":{"line":38,"column":18}},"38":{"start":{"line":39,"column":0},"end":{"line":39,"column":26}},"39":{"start":{"line":40,"column":0},"end":{"line":40,"column":7}},"40":{"start":{"line":41,"column":0},"end":{"line":41,"column":1}}},"s":{"0":1,"1":1,"14":1,"15":7,"16":7,"17":7,"18":7,"19":7,"20":7,"21":7,"22":7,"23":7,"24":7,"26":7,"27":5,"28":5,"30":7,"31":7,"32":7,"33":7,"34":7,"35":7,"36":7,"37":7,"38":7,"39":7,"40":7},"branchMap":{"0":{"type":"branch","line":15,"loc":{"start":{"line":15,"column":7},"end":{"line":41,"column":1}},"locations":[{"start":{"line":15,"column":7},"end":{"line":41,"column":1}}]},"1":{"type":"branch","line":27,"loc":{"start":{"line":27,"column":21},"end":{"line":29,"column":5}},"locations":[{"start":{"line":27,"column":21},"end":{"line":29,"column":5}}]}},"b":{"0":[7],"1":[5]},"fnMap":{"0":{"name":"Input","decl":{"start":{"line":15,"column":7},"end":{"line":41,"column":1}},"loc":{"start":{"line":15,"column":7},"end":{"line":41,"column":1}},"line":15},"1":{"name":"onChange","decl":{"start":{"line":27,"column":21},"end":{"line":29,"column":5}},"loc":{"start":{"line":27,"column":21},"end":{"line":29,"column":5}},"line":27}},"f":{"0":7,"1":5}}
,"/app/src/components/Input/styles.ts": {"path":"/app/src/components/Input/styles.ts","all":false,"statementMap":{"0":{"start":{"line":1,"column":0},"end":{"line":1,"column":39}},"1":{"start":{"line":2,"column":0},"end":{"line":2,"column":49}},"8":{"start":{"line":9,"column":0},"end":{"line":9,"column":48}},"9":{"start":{"line":10,"column":0},"end":{"line":10,"column":58}},"10":{"start":{"line":11,"column":0},"end":{"line":11,"column":27}},"16":{"start":{"line":17,"column":0},"end":{"line":17,"column":64}},"22":{"start":{"line":23,"column":0},"end":{"line":23,"column":30}},"26":{"start":{"line":27,"column":0},"end":{"line":27,"column":69}}},"s":{"0":1,"1":1,"8":1,"9":1,"10":1,"16":1,"22":1,"26":1},"branchMap":{"0":{"type":"branch","line":10,"loc":{"start":{"line":10,"column":18},"end":{"line":10,"column":56}},"locations":[{"start":{"line":10,"column":18},"end":{"line":10,"column":56}}]},"1":{"type":"branch","line":27,"loc":{"start":{"line":27,"column":19},"end":{"line":27,"column":68}},"locations":[{"start":{"line":27,"column":19},"end":{"line":27,"column":68}}]},"2":{"type":"branch","line":27,"loc":{"start":{"line":27,"column":52},"end":{"line":27,"column":68}},"locations":[{"start":{"line":27,"column":52},"end":{"line":27,"column":68}}]}},"b":{"0":[7],"1":[7],"2":[0]},"fnMap":{},"f":{}}
,"/app/src/components/Logo/Logo.tsx": {"path":"/app/src/components/Logo/Logo.tsx","all":true,"statementMap":{},"s":{},"branchMap":{"0":{"type":"branch","line":1,"loc":{"start":{"line":1,"column":0},"end":{"line":1,"column":0}},"locations":[{"start":{"line":1,"column":0},"end":{"line":1,"column":0}}]}},"b":{"0":[1]},"fnMap":{"0":{"name":"(empty-report)","decl":{"start":{"line":1,"column":0},"end":{"line":1,"column":0}},"loc":{"start":{"line":1,"column":0},"end":{"line":1,"column":0}},"line":1}},"f":{"0":1}}
,"/app/src/components/Logo/styles.ts": {"path":"/app/src/components/Logo/styles.ts","all":true,"statementMap":{},"s":{},"branchMap":{"0":{"type":"branch","line":1,"loc":{"start":{"line":1,"column":0},"end":{"line":1,"column":0}},"locations":[{"start":{"line":1,"column":0},"end":{"line":1,"column":0}}]}},"b":{"0":[1]},"fnMap":{"0":{"name":"(empty-report)","decl":{"start":{"line":1,"column":0},"end":{"line":1,"column":0}},"loc":{"start":{"line":1,"column":0},"end":{"line":1,"column":0}},"line":1}},"f":{"0":1}}
,"/app/src/mocks/FilmesMock.ts": {"path":"/app/src/mocks/FilmesMock.ts","all":false,"statementMap":{"2":{"start":{"line":3,"column":0},"end":{"line":3,"column":41}},"3":{"start":{"line":4,"column":0},"end":{"line":4,"column":5}},"4":{"start":{"line":5,"column":0},"end":{"line":5,"column":14}},"5":{"start":{"line":6,"column":0},"end":{"line":6,"column":26}},"6":{"start":{"line":7,"column":0},"end":{"line":7,"column":34}},"7":{"start":{"line":8,"column":0},"end":{"line":8,"column":125}},"8":{"start":{"line":9,"column":0},"end":{"line":9,"column":25}},"9":{"start":{"line":10,"column":0},"end":{"line":10,"column":21}},"10":{"start":{"line":11,"column":0},"end":{"line":11,"column":18}},"11":{"start":{"line":12,"column":0},"end":{"line":12,"column":38}},"12":{"start":{"line":13,"column":0},"end":{"line":13,"column":33}},"13":{"start":{"line":14,"column":0},"end":{"line":14,"column":6}},"14":{"start":{"line":15,"column":0},"end":{"line":15,"column":5}},"15":{"start":{"line":16,"column":0},"end":{"line":16,"column":14}},"16":{"start":{"line":17,"column":0},"end":{"line":17,"column":26}},"17":{"start":{"line":18,"column":0},"end":{"line":18,"column":34}},"18":{"start":{"line":19,"column":0},"end":{"line":19,"column":125}},"19":{"start":{"line":20,"column":0},"end":{"line":20,"column":25}},"20":{"start":{"line":21,"column":0},"end":{"line":21,"column":23}},"21":{"start":{"line":22,"column":0},"end":{"line":22,"column":18}},"22":{"start":{"line":23,"column":0},"end":{"line":23,"column":41}},"23":{"start":{"line":24,"column":0},"end":{"line":24,"column":33}},"24":{"start":{"line":25,"column":0},"end":{"line":25,"column":6}}},"s":{"2":1,"3":1,"4":1,"5":1,"6":1,"7":1,"8":1,"9":1,"10":1,"11":1,"12":1,"13":1,"14":1,"15":1,"16":1,"17":1,"18":1,"19":1,"20":1,"21":1,"22":1,"23":1,"24":1},"branchMap":{},"b":{},"fnMap":{},"f":{}}
,"/app/src/styles/GlobalStyle.ts": {"path":"/app/src/styles/GlobalStyle.ts","all":false,"statementMap":{"0":{"start":{"line":1,"column":0},"end":{"line":1,"column":53}},"2":{"start":{"line":3,"column":0},"end":{"line":3,"column":23}},"3":{"start":{"line":4,"column":0},"end":{"line":4,"column":23}},"4":{"start":{"line":5,"column":0},"end":{"line":5,"column":25}},"5":{"start":{"line":6,"column":0},"end":{"line":6,"column":30}},"6":{"start":{"line":7,"column":0},"end":{"line":7,"column":18}},"7":{"start":{"line":8,"column":0},"end":{"line":8,"column":18}},"8":{"start":{"line":9,"column":0},"end":{"line":9,"column":26}},"9":{"start":{"line":10,"column":0},"end":{"line":10,"column":20}},"10":{"start":{"line":11,"column":0},"end":{"line":11,"column":27}},"11":{"start":{"line":12,"column":0},"end":{"line":12,"column":29}},"12":{"start":{"line":13,"column":0},"end":{"line":13,"column":22}},"13":{"start":{"line":14,"column":0},"end":{"line":14,"column":21}},"14":{"start":{"line":15,"column":0},"end":{"line":15,"column":25}},"15":{"start":{"line":16,"column":0},"end":{"line":16,"column":26}},"16":{"start":{"line":17,"column":0},"end":{"line":17,"column":25}},"17":{"start":{"line":18,"column":0},"end":{"line":18,"column":24}},"18":{"start":{"line":19,"column":0},"end":{"line":19,"column":1}},"20":{"start":{"line":21,"column":0},"end":{"line":21,"column":45}},"29":{"start":{"line":30,"column":0},"end":{"line":30,"column":30}},"30":{"start":{"line":31,"column":0},"end":{"line":31,"column":47}}},"s":{"0":1,"2":1,"3":1,"4":1,"5":1,"6":1,"7":1,"8":1,"9":1,"10":1,"11":1,"12":1,"13":1,"14":1,"15":1,"16":1,"17":1,"18":1,"20":1,"29":1,"30":1},"branchMap":{},"b":{},"fnMap":{},"f":{}}
,"/app/src/types/avaliacaoType.ts": {"path":"/app/src/types/avaliacaoType.ts","all":true,"statementMap":{},"s":{},"branchMap":{"0":{"type":"branch","line":1,"loc":{"start":{"line":1,"column":170},"end":{"line":8,"column":1}},"locations":[{"start":{"line":1,"column":170},"end":{"line":8,"column":1}}]}},"b":{"0":[1]},"fnMap":{"0":{"name":"(empty-report)","decl":{"start":{"line":1,"column":170},"end":{"line":8,"column":1}},"loc":{"start":{"line":1,"column":170},"end":{"line":8,"column":1}},"line":1}},"f":{"0":1}}
,"/app/src/types/filmeType.ts": {"path":"/app/src/types/filmeType.ts","all":true,"statementMap":{},"s":{},"branchMap":{"0":{"type":"branch","line":1,"loc":{"start":{"line":1,"column":276},"end":{"line":15,"column":1}},"locations":[{"start":{"line":1,"column":276},"end":{"line":15,"column":1}}]}},"b":{"0":[1]},"fnMap":{"0":{"name":"(empty-report)","decl":{"start":{"line":1,"column":276},"end":{"line":15,"column":1}},"loc":{"start":{"line":1,"column":276},"end":{"line":15,"column":1}},"line":1}},"f":{"0":1}}
,"/app/src/types/usuarioType.ts": {"path":"/app/src/types/usuarioType.ts","all":true,"statementMap":{},"s":{},"branchMap":{"0":{"type":"branch","line":1,"loc":{"start":{"line":1,"column":122},"end":{"line":7,"column":1}},"locations":[{"start":{"line":1,"column":122},"end":{"line":7,"column":1}}]}},"b":{"0":[1]},"fnMap":{"0":{"name":"(empty-report)","decl":{"start":{"line":1,"column":122},"end":{"line":7,"column":1}},"loc":{"start":{"line":1,"column":122},"end":{"line":7,"column":1}},"line":1}},"f":{"0":1}}
}
